<?xml version="1.0" encoding="UTF-8"?>
<!-- Generated by org.testng.reporters.JUnitXMLReporter -->
<testsuite ignored="0" hostname="LAPTOP-DPPCQFE8" failures="1" tests="12" name="EdgeTest" time="372.302" errors="0" timestamp="2026-06-28T12:40:38 IST">
  <testcase classname="testScript.Base" name="@AfterMethod browserQuit" time="0.193">
    <failure type="java.lang.IllegalArgumentException" message="Cannot format given Object as a Date">
      <![CDATA[java.lang.IllegalArgumentException: Cannot format given Object as a Date
at java.base/java.text.DateFormat.format(DateFormat.java:342)
at java.base/java.text.Format.format(Format.java:159)
at utilities.ScreenshotUtility.getScreenShot(ScreenshotUtility.java:18)
at testScript.Base.browserQuit(Base.java:57)
at java.base/java.util.ArrayList.forEach(ArrayList.java:1596)
... Removed 30 stack frames]]>
    </failure>
  </testcase> <!-- @AfterMethod browserQuit -->
  <testcase classname="testScript.Login_Test" name="InvalidUserName_And_InvalidPassword" time="8.335"/>
  <testcase classname="testScript.Login_Test" name="Verify_InvalidUserName_And_ValidPassword" time="3.679"/>
  <testcase classname="testScript.Login_Test" name="Verify_ValidUsernameAndPassword" time="4.088"/>
  <testcase classname="testScript.Login_Test" name="verify_ValidUserName_And_InvalidPassword" time="1.932"/>
  <testcase classname="testScript.AdminUsers_Test" name="verifyUserAbleToAddNewUser" time="7.561"/>
  <testcase classname="testScript.FooterText_Test" name="verifyuserisAbleToUpdateFooterTextInformation" time="6.779"/>
  <testcase classname="testScript.ManageCategory_Test" name="verifyUserAbleToAddCategories" time="29.423">
    <skipped/>
  </testcase> <!-- verifyUserAbleToAddCategories -->
  <testcase classname="testScript.ManageCategory_Test" name="verifyUserAbleToAddCategories" time="33.251">
    <skipped/>
  </testcase> <!-- verifyUserAbleToAddCategories -->
  <testcase classname="testScript.ManageCategory_Test" name="verifyUserAbleToAddCategories" time="13.267">
    <failure type="org.openqa.selenium.NoSuchElementException" message="no such element: Unable to locate element: {&amp;quot;method&amp;quot;:&amp;quot;xpath&amp;quot;,&amp;quot;selector&amp;quot;:&amp;quot;//div[@class=&amp;apos;alert alert-success alert-dismissible&amp;apos;]&amp;quot;}
  (Session info: MicrosoftEdge=149.0.4022.80)
For documentation on this error, please visit: https://www.selenium.dev/documentation/webdriver/troubleshooting/errors#nosuchelementexception
Build info: version: &amp;apos;4.39.0&amp;apos;, revision: &amp;apos;126f156aee&amp;apos;
System info: os.name: &amp;apos;Windows 11&amp;apos;, os.arch: &amp;apos;amd64&amp;apos;, os.version: &amp;apos;10.0&amp;apos;, java.version: &amp;apos;21.0.10&amp;apos;
Driver info: org.openqa.selenium.edge.EdgeDriver
Command: [64f34bcd7ac2d8fbf77ecc86b39ac166, findElement {value=//div[@class=&amp;apos;alert alert-success alert-dismissible&amp;apos;], using=xpath}]
Capabilities {acceptInsecureCerts: false, browserName: MicrosoftEdge, browserVersion: 149.0.4022.80, fedcm:accounts: true, goog:processID: 20520, ms:edgeOptions: {debuggerAddress: localhost:56893}, msedge: {msedgedriverVersion: 149.0.4022.98 (d8414318246f..., userDataDir: C:\Users\ksjis\AppData\Loca...}, networkConnectionEnabled: false, pageLoadStrategy: normal, platformName: windows, proxy: Proxy(), se:cdp: ws://localhost:56893/devtoo..., se:cdpVersion: 149.0.4022.80, setWindowRect: true, strictFileInteractability: false, timeouts: {implicit: 0, pageLoad: 300000, script: 30000}, unhandledPromptBehavior: dismiss and notify, webauthn:extension:credBlob: true, webauthn:extension:largeBlob: true, webauthn:extension:minPinLength: true, webauthn:extension:prf: true, webauthn:virtualAuthenticators: true}
Session ID: 64f34bcd7ac2d8fbf77ecc86b39ac166">
      <![CDATA[org.openqa.selenium.NoSuchElementException: no such element: Unable to locate element: {"method":"xpath","selector":"//div[@class='alert alert-success alert-dismissible']"}
  (Session info: MicrosoftEdge=149.0.4022.80)
For documentation on this error, please visit: https://www.selenium.dev/documentation/webdriver/troubleshooting/errors#nosuchelementexception
Build info: version: '4.39.0', revision: '126f156aee'
System info: os.name: 'Windows 11', os.arch: 'amd64', os.version: '10.0', java.version: '21.0.10'
Driver info: org.openqa.selenium.edge.EdgeDriver
Command: [64f34bcd7ac2d8fbf77ecc86b39ac166, findElement {value=//div[@class='alert alert-success alert-dismissible'], using=xpath}]
Capabilities {acceptInsecureCerts: false, browserName: MicrosoftEdge, browserVersion: 149.0.4022.80, fedcm:accounts: true, goog:processID: 20520, ms:edgeOptions: {debuggerAddress: localhost:56893}, msedge: {msedgedriverVersion: 149.0.4022.98 (d8414318246f..., userDataDir: C:\Users\ksjis\AppData\Loca...}, networkConnectionEnabled: false, pageLoadStrategy: normal, platformName: windows, proxy: Proxy(), se:cdp: ws://localhost:56893/devtoo..., se:cdpVersion: 149.0.4022.80, setWindowRect: true, strictFileInteractability: false, timeouts: {implicit: 0, pageLoad: 300000, script: 30000}, unhandledPromptBehavior: dismiss and notify, webauthn:extension:credBlob: true, webauthn:extension:largeBlob: true, webauthn:extension:minPinLength: true, webauthn:extension:prf: true, webauthn:virtualAuthenticators: true}
Session ID: 64f34bcd7ac2d8fbf77ecc86b39ac166
at org.openqa.selenium.remote.ErrorCodec.decode(ErrorCodec.java:167)
at org.openqa.selenium.remote.codec.w3c.W3CHttpResponseCodec.decode(W3CHttpResponseCodec.java:142)
at org.openqa.selenium.remote.codec.w3c.W3CHttpResponseCodec.decode(W3CHttpResponseCodec.java:49)
at org.openqa.selenium.remote.HttpCommandExecutor.execute(HttpCommandExecutor.java:215)
at org.openqa.selenium.remote.service.DriverCommandExecutor.invokeExecute(DriverCommandExecutor.java:216)
at org.openqa.selenium.remote.service.DriverCommandExecutor.execute(DriverCommandExecutor.java:174)
at org.openqa.selenium.remote.RemoteWebDriver.execute(RemoteWebDriver.java:561)
at org.openqa.selenium.remote.ElementLocation$ElementFinder$2.findElement(ElementLocation.java:166)
at org.openqa.selenium.remote.ElementLocation.findElement(ElementLocation.java:60)
at org.openqa.selenium.remote.RemoteWebDriver.findElement(RemoteWebDriver.java:384)
at org.openqa.selenium.remote.RemoteWebDriver.findElement(RemoteWebDriver.java:378)
at org.openqa.selenium.support.pagefactory.DefaultElementLocator.findElement(DefaultElementLocator.java:68)
at org.openqa.selenium.support.pagefactory.internal.LocatingElementHandler.invoke(LocatingElementHandler.java:38)
at jdk.proxy2/jdk.proxy2.$Proxy15.isDisplayed(Unknown Source)
at pages.ManageCategory_Page.isSuccessAlertDisplayed(ManageCategory_Page.java:57)
at testScript.ManageCategory_Test.verifyUserAbleToAddCategories(ManageCategory_Test.java:32)
at java.base/java.util.ArrayList.forEach(ArrayList.java:1596)
... Removed 28 stack frames]]>
    </failure>
  </testcase> <!-- verifyUserAbleToAddCategories -->
  <testcase classname="testScript.ManageNews_Test" name="verifyUserAbleToAddNewNews" time="10.801"/>
  <testcase classname="testScript.ManageContact_Test" name="verifyUserAbleToAddNewContacts" time="15.277"/>
  <testcase classname="testScript.Logout_Test" name="verifyUserLogout" time="8.893"/>
</testsuite> <!-- EdgeTest -->
