<?xml version="1.0" encoding="UTF-8"?>
<!-- Generated by org.testng.reporters.JUnitXMLReporter -->
<testsuite ignored="8" hostname="LAPTOP-DPPCQFE8" failures="0" tests="2" name="EdgeTest" time="33.129" errors="0" timestamp="2026-06-28T20:48:42 IST">
  <testcase classname="testScript.Login_Test" name="Verify_ValidUsernameAndPassword" time="6.908"/>
  <testcase classname="testScript.Logout_Test" name="verifyUserLogout" time="3.472"/>
  <testcase classname="testScript.AdminUsers_Test" name="verifyUserAbleToAddNewUser" time="0.0">
    <ignored/>
  </testcase> <!-- verifyUserAbleToAddNewUser -->
  <testcase classname="testScript.Login_Test" name="InvalidUserName_And_InvalidPassword" time="0.0">
    <ignored/>
  </testcase> <!-- InvalidUserName_And_InvalidPassword -->
  <testcase classname="testScript.Login_Test" name="verify_ValidUserName_And_InvalidPassword" time="0.0">
    <ignored/>
  </testcase> <!-- verify_ValidUserName_And_InvalidPassword -->
  <testcase classname="testScript.FooterText_Test" name="verifyuserisAbleToUpdateFooterTextInformation" time="0.0">
    <ignored/>
  </testcase> <!-- verifyuserisAbleToUpdateFooterTextInformation -->
  <testcase classname="testScript.ManageNews_Test" name="verifyUserAbleToAddNewNews" time="0.0">
    <ignored/>
  </testcase> <!-- verifyUserAbleToAddNewNews -->
  <testcase classname="testScript.Login_Test" name="Verify_InvalidUserName_And_ValidPassword" time="0.0">
    <ignored/>
  </testcase> <!-- Verify_InvalidUserName_And_ValidPassword -->
  <testcase classname="testScript.ManageCategory_Test" name="verifyUserAbleToAddCategories" time="0.0">
    <ignored/>
  </testcase> <!-- verifyUserAbleToAddCategories -->
  <testcase classname="testScript.ManageContact_Test" name="verifyUserAbleToAddNewContacts" time="0.0">
    <ignored/>
  </testcase> <!-- verifyUserAbleToAddNewContacts -->
</testsuite> <!-- EdgeTest -->
