<?xml version="1.0" encoding="UTF-8"?>
<!-- Generated by org.testng.reporters.JUnitReportReporter -->
<testsuite hostname="LAPTOP-DPPCQFE8" failures="0" tests="4" name="testScript.Login_Test" time="53.978" errors="0" timestamp="2026-06-14T17:06:30 IST" skipped="0">
  <testcase classname="testScript.Login_Test" name="Verify_InvalidUserName_And_ValidPassword" time="13.353"/>
  <testcase classname="testScript.Login_Test" name="InvalidUserName_And_InvalidPassword" time="12.858"/>
  <testcase classname="testScript.Login_Test" name="Verify_ValidUsernameAndPassword" time="12.926"/>
  <testcase classname="testScript.Login_Test" name="verify_ValidUserName_And_InvalidPassword" time="14.841"/>
</testsuite> <!-- testScript.Login_Test -->
