<?xml version="1.0" encoding="UTF-8"?>
<!-- Generated by org.testng.reporters.JUnitReportReporter -->
<testsuite hostname="LAPTOP-DPPCQFE8" failures="0" tests="4" name="testScript.Login_Test" time="72.477" errors="0" timestamp="2026-07-02T23:41:27 IST" skipped="0">
  <testcase classname="testScript.Login_Test" name="Verify_InvalidUserName_And_ValidPassword" time="12.311"/>
  <testcase classname="testScript.Login_Test" name="Verify_ValidUsernameAndPassword" time="29.929"/>
  <testcase classname="testScript.Login_Test" name="verify_ValidUserName_And_InvalidPassword" time="12.709"/>
  <testcase classname="testScript.Login_Test" name="InvalidUserName_And_InvalidPassword" time="17.528"/>
</testsuite> <!-- testScript.Login_Test -->
